<?xml version="1.0" encoding="UTF-8"?>
<!-- Generated by org.testng.reporters.JUnitReportReporter -->
<testsuite skipped="0" hostname="DESKTOP-KI1T80K" name="TestNG_Examples.ExampleOfTestNGTestClass" tests="1" failures="0" timestamp="31 Mar 2021 06:49:44 GMT" time="27.437" errors="0">
  <testcase name="TC1" time="27.437" classname="TestNG_Examples.ExampleOfTestNGTestClass"/>
</testsuite> <!-- TestNG_Examples.ExampleOfTestNGTestClass -->
