<?xml version="1.0" encoding="UTF-8"?>
<!-- Generated by org.testng.reporters.JUnitReportReporter -->
<testsuite skipped="0" hostname="DESKTOP-KI1T80K" name="TestNG_Examples.Sample2" tests="3" failures="0" timestamp="31 Mar 2021 08:29:07 GMT" time="0.016" errors="0">
  <testcase name="TC4" time="0.000" classname="TestNG_Examples.Sample2"/>
  <testcase name="TC6" time="0.016" classname="TestNG_Examples.Sample2"/>
  <testcase name="TC5" time="0.000" classname="TestNG_Examples.Sample2"/>
</testsuite> <!-- TestNG_Examples.Sample2 -->
