<?xml version="1.0" encoding="UTF-8"?>
<!-- Generated by org.testng.reporters.JUnitReportReporter -->
<testsuite skipped="0" hostname="DESKTOP-KI1T80K" name="aa.ab" tests="1" failures="0" timestamp="29 Mar 2021 16:18:46 GMT" time="0.014" errors="0">
  <testcase name="m1" time="0.014" classname="aa.ab"/>
</testsuite> <!-- aa.ab -->
