<?xml version="1.0" encoding="UTF-8"?>
<!-- Generated by org.testng.reporters.JUnitReportReporter -->
<testsuite skipped="0" hostname="DESKTOP-KI1T80K" name="TestNG_Examples.TestNG_Keywords" tests="3" failures="0" timestamp="31 Mar 2021 08:13:56 GMT" time="0.016" errors="0">
  <testcase name="logout" time="0.000" classname="TestNG_Examples.TestNG_Keywords"/>
  <testcase name="login1" time="0.016" classname="TestNG_Examples.TestNG_Keywords"/>
  <testcase name="login2" time="0.000" classname="TestNG_Examples.TestNG_Keywords"/>
</testsuite> <!-- TestNG_Examples.TestNG_Keywords -->
