<?xml version="1.0" encoding="UTF-8"?>
<!-- Generated by org.testng.reporters.JUnitReportReporter -->
<testsuite skipped="0" hostname="DESKTOP-KI1T80K" name="TestNG_Examples.Sample3" tests="4" failures="0" timestamp="31 Mar 2021 08:29:07 GMT" time="0.000" errors="0">
  <testcase name="TC8" time="0.000" classname="TestNG_Examples.Sample3"/>
  <testcase name="TC9" time="0.000" classname="TestNG_Examples.Sample3"/>
  <testcase name="TC10" time="0.000" classname="TestNG_Examples.Sample3"/>
  <testcase name="TC7" time="0.000" classname="TestNG_Examples.Sample3"/>
</testsuite> <!-- TestNG_Examples.Sample3 -->
