<?xml version="1.0" encoding="UTF-8"?>
<!-- Generated by org.testng.reporters.JUnitReportReporter -->
<testsuite skipped="0" hostname="DESKTOP-KI1T80K" name="TestNG_Examples.SampleTestClass_EmailableReport" tests="1" failures="0" timestamp="31 Mar 2021 07:12:35 GMT" time="0.000" errors="0">
  <testcase name="m1" time="0.000" classname="TestNG_Examples.SampleTestClass_EmailableReport"/>
</testsuite> <!-- TestNG_Examples.SampleTestClass_EmailableReport -->
